- Session info ---------------------------------------------------------------
 setting  value                       
 version  R version 4.0.2 (2020-06-22)
 os       Windows 10 x64              
 system   x86_64, mingw32             
 ui       RStudio                     
 language (EN)                        
 collate  English_New Zealand.1252    
 ctype    English_New Zealand.1252    
 tz       Pacific/Auckland            
 date     2020-07-23                  

- Packages -------------------------------------------------------------------
 package      * version  date       lib source        
 assertthat     0.2.1    2019-03-21 [1] CRAN (R 4.0.0)
 boot           1.3-25   2020-04-26 [2] CRAN (R 4.0.2)
 class          7.3-17   2020-04-26 [2] CRAN (R 4.0.2)
 classInt       0.4-3    2020-04-07 [1] CRAN (R 4.0.0)
 cli            2.0.2    2020-02-28 [1] CRAN (R 4.0.0)
 coda           0.19-3   2019-07-05 [1] CRAN (R 4.0.0)
 codetools      0.2-16   2018-12-24 [2] CRAN (R 4.0.2)
 colorspace     1.4-1    2019-03-18 [1] CRAN (R 4.0.0)
 crayon         1.3.4    2017-09-16 [1] CRAN (R 4.0.0)
 crul           0.9.0    2019-11-06 [1] CRAN (R 4.0.0)
 curl           4.3      2019-12-02 [1] CRAN (R 4.0.0)
 DBI            1.1.0    2019-12-15 [1] CRAN (R 4.0.0)
 deldir         0.1-25   2020-02-03 [1] CRAN (R 4.0.0)
 digest         0.6.25   2020-02-23 [1] CRAN (R 4.0.0)
 dplyr        * 1.0.0    2020-05-29 [1] CRAN (R 4.0.0)
 e1071          1.7-3    2019-11-26 [1] CRAN (R 4.0.0)
 ellipsis       0.3.1    2020-05-15 [1] CRAN (R 4.0.0)
 expm           0.999-4  2019-03-21 [1] CRAN (R 4.0.0)
 fansi          0.4.1    2020-01-08 [1] CRAN (R 4.0.0)
 farver         2.0.3    2020-01-16 [1] CRAN (R 4.0.0)
 foreign        0.8-80   2020-05-24 [2] CRAN (R 4.0.2)
 gdata          2.18.0   2017-06-06 [1] CRAN (R 4.0.0)
 generics       0.0.2    2018-11-29 [1] CRAN (R 4.0.0)
 geojson        0.3.4    2020-06-23 [1] CRAN (R 4.0.2)
 geojsonio      0.9.2    2020-04-07 [1] CRAN (R 4.0.0)
 geojsonlint    0.4.0    2020-02-13 [1] CRAN (R 4.0.0)
 ggforce      * 0.3.1    2019-08-20 [1] CRAN (R 4.0.0)
 ggplot2      * 3.3.2    2020-06-19 [1] CRAN (R 4.0.2)
 glue           1.4.1    2020-05-13 [1] CRAN (R 4.0.0)
 gmodels        2.18.1   2018-06-25 [1] CRAN (R 4.0.0)
 gtable         0.3.0    2019-03-25 [1] CRAN (R 4.0.0)
 gtools         3.8.2    2020-03-31 [1] CRAN (R 4.0.0)
 hms            0.5.3    2020-01-08 [1] CRAN (R 4.0.0)
 httpcode       0.3.0    2020-04-10 [1] CRAN (R 4.0.0)
 jqr            1.1.0    2018-10-22 [1] CRAN (R 4.0.0)
 jsonlite       1.7.0    2020-06-25 [1] CRAN (R 4.0.2)
 jsonvalidate   1.1.0    2019-06-25 [1] CRAN (R 4.0.0)
 KernSmooth     2.23-17  2020-04-26 [2] CRAN (R 4.0.2)
 labeling       0.3      2014-08-23 [1] CRAN (R 4.0.0)
 lattice        0.20-41  2020-04-02 [2] CRAN (R 4.0.2)
 lazyeval       0.2.2    2019-03-15 [1] CRAN (R 4.0.0)
 LearnBayes     2.15.1   2018-03-18 [1] CRAN (R 4.0.0)
 lifecycle      0.2.0    2020-03-06 [1] CRAN (R 4.0.0)
 magrittr       1.5      2014-11-22 [1] CRAN (R 4.0.0)
 maptools       1.0-1    2020-05-14 [1] CRAN (R 4.0.0)
 MASS           7.3-51.6 2020-04-26 [2] CRAN (R 4.0.2)
 Matrix         1.2-18   2019-11-27 [2] CRAN (R 4.0.2)
 munsell        0.5.0    2018-06-12 [1] CRAN (R 4.0.0)
 nlme           3.1-148  2020-05-24 [2] CRAN (R 4.0.2)
 pillar         1.4.6    2020-07-10 [1] CRAN (R 4.0.0)
 pkgconfig      2.0.3    2019-09-22 [1] CRAN (R 4.0.0)
 polyclip       1.10-0   2019-03-14 [1] CRAN (R 4.0.0)
 purrr          0.3.4    2020-04-17 [1] CRAN (R 4.0.0)
 R6             2.4.1    2019-11-12 [1] CRAN (R 4.0.0)
 raster         3.3-7    2020-06-27 [1] CRAN (R 4.0.2)
 RColorBrewer   1.1-2    2014-12-07 [1] CRAN (R 4.0.0)
 Rcpp           1.0.5    2020-07-06 [1] CRAN (R 4.0.2)
 readr        * 1.3.1    2018-12-21 [1] CRAN (R 4.0.0)
 rgeos          0.5-3    2020-05-08 [1] CRAN (R 4.0.0)
 rlang          0.4.6    2020-05-02 [1] CRAN (R 4.0.2)
 rmapshaper   * 0.4.4    2020-04-01 [1] CRAN (R 4.0.0)
 rstudioapi     0.11     2020-02-07 [1] CRAN (R 4.0.0)
 scales       * 1.1.1    2020-05-11 [1] CRAN (R 4.0.0)
 sessioninfo    1.1.1    2018-11-05 [1] CRAN (R 4.0.0)
 sf           * 0.9-4    2020-06-13 [1] CRAN (R 4.0.2)
 sp           * 1.4-2    2020-05-20 [1] CRAN (R 4.0.0)
 spData       * 0.3.8    2020-07-03 [1] CRAN (R 4.0.2)
 spdep        * 1.1-5    2020-06-29 [1] CRAN (R 4.0.2)
 stringi        1.4.6    2020-02-17 [1] CRAN (R 4.0.0)
 tibble         3.0.2    2020-07-07 [1] CRAN (R 4.0.2)
 tidyr        * 1.1.0    2020-05-20 [1] CRAN (R 4.0.0)
 tidyselect     1.1.0    2020-05-11 [1] CRAN (R 4.0.0)
 tweenr         1.0.1    2018-12-14 [1] CRAN (R 4.0.0)
 units          0.6-7    2020-06-13 [1] CRAN (R 4.0.2)
 V8             3.2.0    2020-06-19 [1] CRAN (R 4.0.2)
 vctrs          0.3.1    2020-06-05 [1] CRAN (R 4.0.2)
 withr          2.2.0    2020-04-20 [1] CRAN (R 4.0.0)

[1] C:/Users/Ben.Davies/Documents/R/win-library/4.0
[2] C:/Program Files/R/R-4.0.2/library
