─ Session info ───────────────────────────────────────────────────────────────
 setting  value                       
 version  R version 3.4.1 (2017-06-30)
 os       Debian GNU/Linux 9 (stretch)
 system   x86_64, linux-gnu           
 ui       RStudio                     
 language en_NZ:en                    
 collate  en_NZ.UTF-8                 
 ctype    en_NZ.UTF-8                 
 tz       NZ                          
 date     2020-07-08                  

─ Packages ───────────────────────────────────────────────────────────────────
 package     * version date       lib source        
 assertthat    0.2.0   2017-04-11 [2] CRAN (R 3.4.1)
 class         7.3-14  2015-08-30 [4] CRAN (R 3.4.0)
 classInt      0.2-3   2018-04-16 [2] CRAN (R 3.4.1)
 cli           1.0.0   2017-11-05 [2] CRAN (R 3.4.1)
 crayon        1.3.4   2017-09-16 [2] CRAN (R 3.4.1)
 DBI           1.0.0   2018-05-02 [2] CRAN (R 3.4.1)
 dplyr       * 1.0.0   2020-05-29 [1] CRAN (R 3.4.1)
 e1071         1.6-8   2017-02-02 [2] CRAN (R 3.4.1)
 ellipsis      0.3.0   2019-09-20 [2] CRAN (R 3.4.1)
 forcats       0.3.0   2018-02-19 [2] CRAN (R 3.4.1)
 generics      0.0.2   2018-11-29 [1] CRAN (R 3.4.1)
 glue          1.4.1   2020-05-13 [1] CRAN (R 3.4.1)
 haven       * 1.1.2   2018-06-27 [2] CRAN (R 3.4.1)
 hms           0.4.2   2018-03-10 [2] CRAN (R 3.4.1)
 igraph      * 1.2.1   2018-03-10 [2] CRAN (R 3.4.1)
 lifecycle     0.2.0   2020-03-06 [1] CRAN (R 3.4.1)
 magrittr      1.5     2014-11-22 [2] CRAN (R 3.4.1)
 pillar        1.4.2   2019-06-29 [2] CRAN (R 3.4.1)
 pkgconfig     2.0.1   2017-03-21 [2] CRAN (R 3.4.1)
 purrr         0.3.4   2020-04-17 [1] CRAN (R 3.4.1)
 R6            2.2.2   2017-06-17 [2] CRAN (R 3.4.1)
 Rcpp          1.0.3   2019-11-08 [2] CRAN (R 3.4.1)
 readr       * 1.1.1   2017-05-16 [2] CRAN (R 3.4.1)
 rlang         0.4.6   2020-05-02 [1] CRAN (R 3.4.1)
 rstudioapi    0.7     2017-09-07 [2] CRAN (R 3.4.1)
 sessioninfo   1.1.1   2018-11-05 [1] CRAN (R 3.4.1)
 sf          * 0.6-3   2018-05-17 [2] CRAN (R 3.4.1)
 spData        0.2.9.0 2018-06-17 [2] CRAN (R 3.4.1)
 tibble        2.1.3   2019-06-06 [2] CRAN (R 3.4.1)
 tidyr       * 0.8.1   2018-05-18 [2] CRAN (R 3.4.1)
 tidyselect    1.1.0   2020-05-11 [1] CRAN (R 3.4.1)
 units         0.6-0   2018-06-09 [2] CRAN (R 3.4.1)
 vctrs         0.3.1   2020-06-05 [1] CRAN (R 3.4.1)
 withr         2.1.2   2018-03-15 [2] CRAN (R 3.4.1)
 yaml        * 2.1.19  2018-05-01 [2] CRAN (R 3.4.1)

[1] /home/STATSNZ/dl_bdavies/My-R-User-Libraries
[2] /usr/local/lib/R/site-library
[3] /usr/lib/R/site-library
[4] /usr/lib/R/library
